<?xml version="1.0" encoding="UTF-8"?>
<testng-results skipped="0" failed="0" total="0" passed="0">
  <reporter-output>
  </reporter-output>
  <suite name="testPage.TestPage1" duration-ms="7" started-at="2018-04-20T10:52:14Z" finished-at="2018-04-20T10:52:14Z">
    <groups>
    </groups>
    <test name="Command line test" duration-ms="7" started-at="2018-04-20T10:52:14Z" finished-at="2018-04-20T10:52:14Z">
    </test> <!-- Command line test -->
  </suite> <!-- testPage.TestPage1 -->
</testng-results>
