<?xml version="1.0" encoding="UTF-8"?>
<testng-results skipped="0" failed="0" total="1" passed="1">
  <reporter-output>
  </reporter-output>
  <suite name="Default suite" duration-ms="11093" started-at="2018-01-03T08:12:34Z" finished-at="2018-01-03T08:12:45Z">
    <groups>
    </groups>
    <test name="Default test" duration-ms="11093" started-at="2018-01-03T08:12:34Z" finished-at="2018-01-03T08:12:45Z">
      <class name="com.test.NewPro.LogIn">
        <test-method status="PASS" signature="setUp()[pri:0, instance:com.test.NewPro.LogIn@153f17c]" name="setUp" is-config="true" duration-ms="49554" started-at="2018-01-03T13:41:44Z" finished-at="2018-01-03T13:42:34Z">
          <reporter-output>
          </reporter-output>
        </test-method> <!-- setUp -->
        <test-method status="PASS" signature="dologin()[pri:0, instance:com.test.NewPro.LogIn@153f17c]" name="dologin" duration-ms="10947" started-at="2018-01-03T13:42:34Z" finished-at="2018-01-03T13:42:45Z">
          <reporter-output>
          </reporter-output>
        </test-method> <!-- dologin -->
        <test-method status="PASS" signature="finish()[pri:0, instance:com.test.NewPro.LogIn@153f17c]" name="finish" is-config="true" duration-ms="4023" started-at="2018-01-03T13:42:46Z" finished-at="2018-01-03T13:42:50Z">
          <reporter-output>
          </reporter-output>
        </test-method> <!-- finish -->
      </class> <!-- com.test.NewPro.LogIn -->
    </test> <!-- Default test -->
  </suite> <!-- Default suite -->
</testng-results>
